#
# A fatal error has been detected by the Java Runtime Environment:
#
#  Internal Error (javaCalls.cpp:51), pid=7640, tid=0x000000000000500c
#  guarantee(thread->is_Java_thread()) failed: crucial check - the VM thread cannot and must not escape to Java code
#
# JRE version: Java(TM) SE Runtime Environment (8.0_241-b07) (build 1.8.0_241-b07)
# Java VM: Java HotSpot(TM) 64-Bit Server VM (25.241-b07 mixed mode windows-amd64 compressed oops)
# Failed to write core dump. Minidumps are not enabled by default on client versions of Windows
#
# If you would like to submit a bug report, please visit:
#   http://bugreport.java.com/bugreport/crash.jsp
#

---------------  T H R E A D  ---------------

Current thread (0x0000000017e57800):  VMThread [stack: 0x0000000018f00000,0x0000000019000000] [id=20492]

Stack: [0x0000000018f00000,0x0000000019000000]
[error occurred during error reporting (printing stack bounds), id 0xc0000005]

Native frames: (J=compiled Java code, j=interpreted, Vv=VM code, C=native code)

VM_Operation (0x000000001993f340): GetOrSetLocal, mode: safepoint, requested by thread 0x0000000017ea2800


---------------  P R O C E S S  ---------------

Java Threads: ( => current thread )
  0x0000000021646000 JavaThread "DestroyJavaVM" [_thread_blocked, id=18984, stack(0x0000000003040000,0x0000000003140000)]
  0x0000000021645000 JavaThread "http-nio-8080-Acceptor" daemon [_thread_in_native, id=8920, stack(0x0000000026fe0000,0x00000000270e0000)]
  0x000000001cc99000 JavaThread "http-nio-8080-ClientPoller" daemon [_thread_in_native, id=10992, stack(0x0000000026d60000,0x0000000026e60000)]
  0x000000001cc97800 JavaThread "http-nio-8080-exec-10" daemon [_thread_blocked, id=18556, stack(0x0000000026c60000,0x0000000026d60000)]
  0x000000001cc9a800 JavaThread "http-nio-8080-exec-9" daemon [_thread_blocked, id=22940, stack(0x0000000026b60000,0x0000000026c60000)]
  0x000000001cc99800 JavaThread "http-nio-8080-exec-8" daemon [_thread_blocked, id=24652, stack(0x0000000026a60000,0x0000000026b60000)]
  0x000000001cc96800 JavaThread "http-nio-8080-exec-7" daemon [_thread_blocked, id=9076, stack(0x0000000026960000,0x0000000026a60000)]
  0x000000001cc95800 JavaThread "http-nio-8080-exec-6" daemon [_thread_blocked, id=2136, stack(0x0000000026860000,0x0000000026960000)]
  0x000000001cc95000 JavaThread "http-nio-8080-exec-5" daemon [_thread_blocked, id=25220, stack(0x0000000026760000,0x0000000026860000)]
  0x000000001cc9c000 JavaThread "http-nio-8080-exec-4" daemon [_thread_blocked, id=17344, stack(0x0000000026660000,0x0000000026760000)]
  0x00000000206e7800 JavaThread "http-nio-8080-exec-3" daemon [_thread_blocked, id=25224, stack(0x00000000254b0000,0x00000000255b0000)]
  0x0000000022fa2000 JavaThread "http-nio-8080-exec-2" daemon [_thread_blocked, id=20700, stack(0x00000000253b0000,0x00000000254b0000)]
  0x0000000022eb9800 JavaThread "http-nio-8080-exec-1" daemon [_thread_blocked, id=17820, stack(0x000000001f0c0000,0x000000001f1c0000)]
  0x0000000022833000 JavaThread "http-nio-8080-BlockPoller" daemon [_thread_in_native, id=14420, stack(0x000000001c250000,0x000000001c350000)]
  0x0000000020112000 JavaThread "container-0" [_thread_blocked, id=19112, stack(0x000000001d6f0000,0x000000001d7f0000)]
  0x0000000021670800 JavaThread "Catalina-utility-2" [_thread_blocked, id=12312, stack(0x000000001d370000,0x000000001d470000)]
  0x0000000020e10000 JavaThread "Catalina-utility-1" [_thread_blocked, id=24412, stack(0x000000001bf50000,0x000000001c050000)]
  0x000000001a1e9800 JavaThread "Service Thread" daemon [_thread_blocked, id=4276, stack(0x000000001aa40000,0x000000001ab40000)]
  0x000000001a143800 JavaThread "C1 CompilerThread2" daemon [_thread_blocked, id=1072, stack(0x000000001a940000,0x000000001aa40000)]
  0x000000001a140800 JavaThread "C2 CompilerThread1" daemon [_thread_blocked, id=21064, stack(0x000000001a840000,0x000000001a940000)]
  0x000000001a154000 JavaThread "C2 CompilerThread0" daemon [_thread_blocked, id=19836, stack(0x000000001a740000,0x000000001a840000)]
  0x0000000017eb1800 JavaThread "JDWP Command Reader" daemon [_thread_in_native, id=18692, stack(0x0000000019a40000,0x0000000019b40000)]
  0x0000000017eb0000 JavaThread "JDWP Event Helper Thread" daemon [_thread_blocked, id=12076, stack(0x0000000019940000,0x0000000019a40000)]
  0x0000000017ea2800 JavaThread "JDWP Transport Listener: dt_socket" daemon [_thread_blocked, id=23596, stack(0x0000000019840000,0x0000000019940000)]
  0x0000000017e97800 JavaThread "Attach Listener" daemon [_thread_blocked, id=21140, stack(0x0000000019400000,0x0000000019500000)]
  0x0000000017e96000 JavaThread "Signal Dispatcher" daemon [_thread_blocked, id=16160, stack(0x0000000019300000,0x0000000019400000)]
  0x0000000017e80000 JavaThread "Finalizer" daemon [_thread_blocked, id=22324, stack(0x0000000019100000,0x0000000019200000)]
  0x0000000017e59000 JavaThread "Reference Handler" daemon [_thread_blocked, id=21396, stack(0x0000000019000000,0x0000000019100000)]

Other Threads:
=>0x0000000017e57800 VMThread [stack: 0x0000000018f00000,0x0000000019000000] [id=20492]
  0x000000001a26f800 WatcherThread [stack: 0x000000001ab40000,0x000000001ac40000] [id=25360]

VM state:at safepoint (normal execution)

VM Mutex/Monitor currently owned by a thread:  ([mutex/lock_event])
[0x0000000003145aa0] Threads_lock - owner thread: 0x0000000017e57800

heap address: 0x0000000082600000, size: 2010 MB, Compressed Oops mode: 32-bit
Narrow klass base: 0x0000000000000000, Narrow klass shift: 3
Compressed class space size: 1073741824 Address: 0x0000000100000000

Heap:
 PSYoungGen      total 247296K, used 131462K [0x00000000d6200000, 0x00000000ec780000, 0x0000000100000000)
  eden space 239104K, 54% used [0x00000000d6200000,0x00000000de261990,0x00000000e4b80000)
  from space 8192K, 0% used [0x00000000e4b80000,0x00000000e4b80000,0x00000000e5380000)
  to   space 10240K, 0% used [0x00000000ebd80000,0x00000000ebd80000,0x00000000ec780000)
 ParOldGen       total 69120K, used 16460K [0x0000000082600000, 0x0000000086980000, 0x00000000d6200000)
  object space 69120K, 23% used [0x0000000082600000,0x00000000836130a8,0x0000000086980000)
 Metaspace       used 40517K, capacity 42394K, committed 42536K, reserved 1085440K
  class space    used 5304K, capacity 5614K, committed 5672K, reserved 1048576K

Card table byte_map: [0x00000000127a0000,0x0000000012b90000] byte_map_base: 0x000000001238d000

Marking Bits: (ParMarkBitMap*) 0x000000006ac5be30
 Begin Bits: [0x0000000013230000, 0x0000000015198000)
 End Bits:   [0x0000000015198000, 0x0000000017100000)

Polling page: 0x0000000001220000

CodeCache: size=245760Kb used=11939Kb max_used=13680Kb free=233820Kb
 bounds [0x00000000033e0000, 0x0000000004170000, 0x00000000123e0000]
 total_blobs=3708 nmethods=3256 adapters=372
 compilation: enabled

Compilation events (10 events):
Event: 51.853 Thread 0x000000001a143800 3668       3       java.util.concurrent.ThreadPoolExecutor::runStateOf (5 bytes)
Event: 51.853 Thread 0x000000001a143800 nmethod 3668 0x0000000003cb2490 code [0x0000000003cb25e0, 0x0000000003cb2710]
Event: 55.854 Thread 0x000000001a143800 3669       3       java.util.concurrent.locks.AbstractQueuedSynchronizer$Node::predecessor (19 bytes)
Event: 55.855 Thread 0x000000001a143800 nmethod 3669 0x00000000037b2650 code [0x00000000037b27c0, 0x00000000037b2a28]
Event: 56.312 Thread 0x000000001a143800 3670       3       java.util.concurrent.locks.ReentrantReadWriteLock::readLock (5 bytes)
Event: 56.312 Thread 0x000000001a143800 nmethod 3670 0x0000000003de2f90 code [0x0000000003de30e0, 0x0000000003de3250]
Event: 60.854 Thread 0x000000001a143800 3671       3       java.util.concurrent.ScheduledThreadPoolExecutor$ScheduledFutureTask::compareTo (9 bytes)
Event: 60.854 Thread 0x000000001a143800 nmethod 3671 0x000000000398a850 code [0x000000000398a9c0, 0x000000000398ac68]
Event: 60.854 Thread 0x000000001a143800 3672       3       java.util.concurrent.ScheduledThreadPoolExecutor$ScheduledFutureTask::compareTo (101 bytes)
Event: 60.854 Thread 0x000000001a143800 nmethod 3672 0x000000000377d510 code [0x000000000377d700, 0x000000000377e230]

GC Heap History (10 events):
Event: 2.545 GC heap before
{Heap before GC invocations=7 (full 1):
 PSYoungGen      total 139264K, used 5177K [0x00000000d6200000, 0x00000000df200000, 0x0000000100000000)
  eden space 131072K, 0% used [0x00000000d6200000,0x00000000d6200000,0x00000000de200000)
  from space 8192K, 63% used [0x00000000dea00000,0x00000000def0e7d0,0x00000000df200000)
  to   space 8192K, 0% used [0x00000000de200000,0x00000000de200000,0x00000000dea00000)
 ParOldGen       total 86016K, used 3621K [0x0000000082600000, 0x0000000087a00000, 0x00000000d6200000)
  object space 86016K, 4% used [0x0000000082600000,0x0000000082989510,0x0000000087a00000)
 Metaspace       used 20609K, capacity 21140K, committed 21296K, reserved 1069056K
  class space    used 2471K, capacity 2638K, committed 2688K, reserved 1048576K
Event: 2.576 GC heap after
Heap after GC invocations=7 (full 1):
 PSYoungGen      total 139264K, used 0K [0x00000000d6200000, 0x00000000df200000, 0x0000000100000000)
  eden space 131072K, 0% used [0x00000000d6200000,0x00000000d6200000,0x00000000de200000)
  from space 8192K, 0% used [0x00000000dea00000,0x00000000dea00000,0x00000000df200000)
  to   space 8192K, 0% used [0x00000000de200000,0x00000000de200000,0x00000000dea00000)
 ParOldGen       total 45056K, used 5361K [0x0000000082600000, 0x0000000085200000, 0x00000000d6200000)
  object space 45056K, 11% used [0x0000000082600000,0x0000000082b3c5e0,0x0000000085200000)
 Metaspace       used 20607K, capacity 21134K, committed 21296K, reserved 1069056K
  class space    used 2470K, capacity 2637K, committed 2688K, reserved 1048576K
}
Event: 3.166 GC heap before
{Heap before GC invocations=8 (full 1):
 PSYoungGen      total 139264K, used 131072K [0x00000000d6200000, 0x00000000df200000, 0x0000000100000000)
  eden space 131072K, 100% used [0x00000000d6200000,0x00000000de200000,0x00000000de200000)
  from space 8192K, 0% used [0x00000000dea00000,0x00000000dea00000,0x00000000df200000)
  to   space 8192K, 0% used [0x00000000de200000,0x00000000de200000,0x00000000dea00000)
 ParOldGen       total 45056K, used 5361K [0x0000000082600000, 0x0000000085200000, 0x00000000d6200000)
  object space 45056K, 11% used [0x0000000082600000,0x0000000082b3c5e0,0x0000000085200000)
 Metaspace       used 23036K, capacity 23770K, committed 23936K, reserved 1071104K
  class space    used 2759K, capacity 2929K, committed 2944K, reserved 1048576K
Event: 3.174 GC heap after
Heap after GC invocations=8 (full 1):
 PSYoungGen      total 139264K, used 3738K [0x00000000d6200000, 0x00000000e5d80000, 0x0000000100000000)
  eden space 131072K, 0% used [0x00000000d6200000,0x00000000d6200000,0x00000000de200000)
  from space 8192K, 45% used [0x00000000de200000,0x00000000de5a6bc0,0x00000000dea00000)
  to   space 8192K, 0% used [0x00000000e5580000,0x00000000e5580000,0x00000000e5d80000)
 ParOldGen       total 45056K, used 5361K [0x0000000082600000, 0x0000000085200000, 0x00000000d6200000)
  object space 45056K, 11% used [0x0000000082600000,0x0000000082b3c5e0,0x0000000085200000)
 Metaspace       used 23036K, capacity 23770K, committed 23936K, reserved 1071104K
  class space    used 2759K, capacity 2929K, committed 2944K, reserved 1048576K
}
Event: 4.367 GC heap before
{Heap before GC invocations=9 (full 1):
 PSYoungGen      total 139264K, used 134810K [0x00000000d6200000, 0x00000000e5d80000, 0x0000000100000000)
  eden space 131072K, 100% used [0x00000000d6200000,0x00000000de200000,0x00000000de200000)
  from space 8192K, 45% used [0x00000000de200000,0x00000000de5a6bc0,0x00000000dea00000)
  to   space 8192K, 0% used [0x00000000e5580000,0x00000000e5580000,0x00000000e5d80000)
 ParOldGen       total 45056K, used 5361K [0x0000000082600000, 0x0000000085200000, 0x00000000d6200000)
  object space 45056K, 11% used [0x0000000082600000,0x0000000082b3c5e0,0x0000000085200000)
 Metaspace       used 26632K, capacity 27542K, committed 27776K, reserved 1073152K
  class space    used 3207K, capacity 3401K, committed 3456K, reserved 1048576K
Event: 4.378 GC heap after
Heap after GC invocations=9 (full 1):
 PSYoungGen      total 242688K, used 5712K [0x00000000d6200000, 0x00000000e5b80000, 0x0000000100000000)
  eden space 236544K, 0% used [0x00000000d6200000,0x00000000d6200000,0x00000000e4900000)
  from space 6144K, 92% used [0x00000000e5580000,0x00000000e5b14150,0x00000000e5b80000)
  to   space 8192K, 0% used [0x00000000e4b80000,0x00000000e4b80000,0x00000000e5380000)
 ParOldGen       total 45056K, used 5361K [0x0000000082600000, 0x0000000085200000, 0x00000000d6200000)
  object space 45056K, 11% used [0x0000000082600000,0x0000000082b3c5e0,0x0000000085200000)
 Metaspace       used 26632K, capacity 27542K, committed 27776K, reserved 1073152K
  class space    used 3207K, capacity 3401K, committed 3456K, reserved 1048576K
}
Event: 7.232 GC heap before
{Heap before GC invocations=10 (full 1):
 PSYoungGen      total 242688K, used 139739K [0x00000000d6200000, 0x00000000e5b80000, 0x0000000100000000)
  eden space 236544K, 56% used [0x00000000d6200000,0x00000000de4e2c20,0x00000000e4900000)
  from space 6144K, 92% used [0x00000000e5580000,0x00000000e5b14150,0x00000000e5b80000)
  to   space 8192K, 0% used [0x00000000e4b80000,0x00000000e4b80000,0x00000000e5380000)
 ParOldGen       total 45056K, used 5361K [0x0000000082600000, 0x0000000085200000, 0x00000000d6200000)
  object space 45056K, 11% used [0x0000000082600000,0x0000000082b3c5e0,0x0000000085200000)
 Metaspace       used 33774K, capacity 35404K, committed 35496K, reserved 1081344K
  class space    used 4216K, capacity 4506K, committed 4520K, reserved 1048576K
Event: 7.253 GC heap after
Heap after GC invocations=10 (full 1):
 PSYoungGen      total 247296K, used 8179K [0x00000000d6200000, 0x00000000ec780000, 0x0000000100000000)
  eden space 239104K, 0% used [0x00000000d6200000,0x00000000d6200000,0x00000000e4b80000)
  from space 8192K, 99% used [0x00000000e4b80000,0x00000000e537cf08,0x00000000e5380000)
  to   space 10240K, 0% used [0x00000000ebd80000,0x00000000ebd80000,0x00000000ec780000)
 ParOldGen       total 45056K, used 8950K [0x0000000082600000, 0x0000000085200000, 0x00000000d6200000)
  object space 45056K, 19% used [0x0000000082600000,0x0000000082ebdaa0,0x0000000085200000)
 Metaspace       used 33774K, capacity 35404K, committed 35496K, reserved 1081344K
  class space    used 4216K, capacity 4506K, committed 4520K, reserved 1048576K
}
Event: 7.253 GC heap before
{Heap before GC invocations=11 (full 2):
 PSYoungGen      total 247296K, used 8179K [0x00000000d6200000, 0x00000000ec780000, 0x0000000100000000)
  eden space 239104K, 0% used [0x00000000d6200000,0x00000000d6200000,0x00000000e4b80000)
  from space 8192K, 99% used [0x00000000e4b80000,0x00000000e537cf08,0x00000000e5380000)
  to   space 10240K, 0% used [0x00000000ebd80000,0x00000000ebd80000,0x00000000ec780000)
 ParOldGen       total 45056K, used 8950K [0x0000000082600000, 0x0000000085200000, 0x00000000d6200000)
  object space 45056K, 19% used [0x0000000082600000,0x0000000082ebdaa0,0x0000000085200000)
 Metaspace       used 33774K, capacity 35404K, committed 35496K, reserved 1081344K
  class space    used 4216K, capacity 4506K, committed 4520K, reserved 1048576K
Event: 7.358 GC heap after
Heap after GC invocations=11 (full 2):
 PSYoungGen      total 247296K, used 0K [0x00000000d6200000, 0x00000000ec780000, 0x0000000100000000)
  eden space 239104K, 0% used [0x00000000d6200000,0x00000000d6200000,0x00000000e4b80000)
  from space 8192K, 0% used [0x00000000e4b80000,0x00000000e4b80000,0x00000000e5380000)
  to   space 10240K, 0% used [0x00000000ebd80000,0x00000000ebd80000,0x00000000ec780000)
 ParOldGen       total 69120K, used 16460K [0x0000000082600000, 0x0000000086980000, 0x00000000d6200000)
  object space 69120K, 23% used [0x0000000082600000,0x00000000836130a8,0x0000000086980000)
 Metaspace       used 33774K, capacity 35404K, committed 35496K, reserved 1081344K
  class space    used 4216K, capacity 4506K, committed 4520K, reserved 1048576K
}

Deoptimization events (10 events):
Event: 29.431 Thread 0x0000000022eb9800 Uncommon trap: reason=range_check action=none pc=0x000000000378191c method=sun.reflect.generics.parser.SignatureParser.current()C @ 34
Event: 29.431 Thread 0x0000000022eb9800 Uncommon trap: reason=range_check action=none pc=0x000000000378191c method=sun.reflect.generics.parser.SignatureParser.current()C @ 34
Event: 29.431 Thread 0x0000000022eb9800 Uncommon trap: reason=range_check action=none pc=0x000000000378191c method=sun.reflect.generics.parser.SignatureParser.current()C @ 34
Event: 29.432 Thread 0x0000000022eb9800 Uncommon trap: reason=unhandled action=none pc=0x0000000003d5bec4 method=java.net.URLClassLoader.findClass(Ljava/lang/String;)Ljava/lang/Class; @ 44
Event: 29.433 Thread 0x0000000022eb9800 Uncommon trap: reason=unhandled action=none pc=0x0000000003d5bec4 method=java.net.URLClassLoader.findClass(Ljava/lang/String;)Ljava/lang/Class; @ 44
Event: 29.434 Thread 0x0000000022eb9800 Uncommon trap: reason=unhandled action=none pc=0x0000000003d5bec4 method=java.net.URLClassLoader.findClass(Ljava/lang/String;)Ljava/lang/Class; @ 44
Event: 29.435 Thread 0x0000000022eb9800 Uncommon trap: reason=unhandled action=none pc=0x0000000003d5bec4 method=java.net.URLClassLoader.findClass(Ljava/lang/String;)Ljava/lang/Class; @ 44
Event: 29.436 Thread 0x0000000022eb9800 Uncommon trap: reason=unhandled action=none pc=0x0000000003d5bec4 method=java.net.URLClassLoader.findClass(Ljava/lang/String;)Ljava/lang/Class; @ 44
Event: 29.447 Thread 0x0000000022eb9800 Uncommon trap: reason=unhandled action=none pc=0x0000000003d5bec4 method=java.net.URLClassLoader.findClass(Ljava/lang/String;)Ljava/lang/Class; @ 44
Event: 29.449 Thread 0x0000000022eb9800 Uncommon trap: reason=unhandled action=none pc=0x0000000003d5bec4 method=java.net.URLClassLoader.findClass(Ljava/lang/String;)Ljava/lang/Class; @ 44

Classes redefined (1 events):
Event: 64.288 Thread 0x0000000017e57800 redefined class name=com.example.demo.utilities.StepHandler, count=1

Internal exceptions (10 events):
Event: 29.428 Thread 0x0000000022eb9800 Exception <a 'java/lang/ArrayIndexOutOfBoundsException': 73> (0x00000000ddea5700) thrown at [C:\ade\jenkins\workspace\8-2-build-windows-amd64-cygwin\jdk8u241\331\hotspot\src\share\vm\interpreter\interpreterRuntime.cpp, line 368]
Event: 29.428 Thread 0x0000000022eb9800 Exception <a 'java/lang/ArrayIndexOutOfBoundsException': 76> (0x00000000ddea7140) thrown at [C:\ade\jenkins\workspace\8-2-build-windows-amd64-cygwin\jdk8u241\331\hotspot\src\share\vm\interpreter\interpreterRuntime.cpp, line 368]
Event: 29.428 Thread 0x0000000022eb9800 Exception <a 'java/lang/ArrayIndexOutOfBoundsException': 70> (0x00000000ddea88c0) thrown at [C:\ade\jenkins\workspace\8-2-build-windows-amd64-cygwin\jdk8u241\331\hotspot\src\share\vm\interpreter\interpreterRuntime.cpp, line 368]
Event: 29.429 Thread 0x0000000022eb9800 Exception <a 'java/lang/ArrayIndexOutOfBoundsException': 58> (0x00000000ddea9f78) thrown at [C:\ade\jenkins\workspace\8-2-build-windows-amd64-cygwin\jdk8u241\331\hotspot\src\share\vm\interpreter\interpreterRuntime.cpp, line 368]
Event: 29.429 Thread 0x0000000022eb9800 Exception <a 'java/lang/ArrayIndexOutOfBoundsException': 73> (0x00000000ddeab2f0) thrown at [C:\ade\jenkins\workspace\8-2-build-windows-amd64-cygwin\jdk8u241\331\hotspot\src\share\vm\interpreter\interpreterRuntime.cpp, line 368]
Event: 29.430 Thread 0x0000000022eb9800 Exception <a 'java/lang/ArrayIndexOutOfBoundsException': 62> (0x00000000ddeaf9e0) thrown at [C:\ade\jenkins\workspace\8-2-build-windows-amd64-cygwin\jdk8u241\331\hotspot\src\share\vm\interpreter\interpreterRuntime.cpp, line 368]
Event: 29.431 Thread 0x0000000022eb9800 Exception <a 'java/lang/ArrayIndexOutOfBoundsException': 72> (0x00000000ddeb2778) thrown at [C:\ade\jenkins\workspace\8-2-build-windows-amd64-cygwin\jdk8u241\331\hotspot\src\share\vm\interpreter\interpreterRuntime.cpp, line 368]
Event: 29.431 Thread 0x0000000022eb9800 Exception <a 'java/lang/ArrayIndexOutOfBoundsException': 71> (0x00000000ddeb3ef0) thrown at [C:\ade\jenkins\workspace\8-2-build-windows-amd64-cygwin\jdk8u241\331\hotspot\src\share\vm\interpreter\interpreterRuntime.cpp, line 368]
Event: 29.431 Thread 0x0000000022eb9800 Exception <a 'java/lang/ArrayIndexOutOfBoundsException': 73> (0x00000000ddeb5680) thrown at [C:\ade\jenkins\workspace\8-2-build-windows-amd64-cygwin\jdk8u241\331\hotspot\src\share\vm\interpreter\interpreterRuntime.cpp, line 368]
Event: 29.431 Thread 0x0000000022eb9800 Exception <a 'java/lang/ArrayIndexOutOfBoundsException': 70> (0x00000000ddeb6e00) thrown at [C:\ade\jenkins\workspace\8-2-build-windows-amd64-cygwin\jdk8u241\331\hotspot\src\share\vm\interpreter\interpreterRuntime.cpp, line 368]

Events (10 events):
Event: 64.348 Executing VM operation: GetOwnedMonitorInfo done
Event: 64.350 Executing VM operation: GetOwnedMonitorInfo
Event: 64.350 Executing VM operation: GetOwnedMonitorInfo done
Event: 64.350 Executing VM operation: GetCurrentContendedMonitor
Event: 64.350 Executing VM operation: GetCurrentContendedMonitor done
Event: 64.350 Executing VM operation: GetOwnedMonitorInfo
Event: 64.350 Executing VM operation: GetOwnedMonitorInfo done
Event: 64.351 Executing VM operation: GetCurrentContendedMonitor
Event: 64.351 Executing VM operation: GetCurrentContendedMonitor done
Event: 64.362 Executing VM operation: GetOrSetLocal


Dynamic libraries:
0x00007ff72a010000 - 0x00007ff72a047000 	C:\Program Files\Java\jre1.8.0_241\bin\javaw.exe
0x00007ff8e64c0000 - 0x00007ff8e66b0000 	C:\WINDOWS\SYSTEM32\ntdll.dll
0x00007ff8e5480000 - 0x00007ff8e5532000 	C:\WINDOWS\System32\KERNEL32.DLL
0x00007ff8e36a0000 - 0x00007ff8e3945000 	C:\WINDOWS\System32\KERNELBASE.dll
0x00007ff8e6050000 - 0x00007ff8e60f3000 	C:\WINDOWS\System32\ADVAPI32.dll
0x00007ff8e53e0000 - 0x00007ff8e547e000 	C:\WINDOWS\System32\msvcrt.dll
0x00007ff8e63d0000 - 0x00007ff8e6467000 	C:\WINDOWS\System32\sechost.dll
0x00007ff8e51e0000 - 0x00007ff8e5300000 	C:\WINDOWS\System32\RPCRT4.dll
0x00007ff8e6100000 - 0x00007ff8e6294000 	C:\WINDOWS\System32\USER32.dll
0x00007ff8e4310000 - 0x00007ff8e4331000 	C:\WINDOWS\System32\win32u.dll
0x00007ff8e5a60000 - 0x00007ff8e5a86000 	C:\WINDOWS\System32\GDI32.dll
0x00007ff8e4170000 - 0x00007ff8e4306000 	C:\WINDOWS\System32\gdi32full.dll
0x00007ff8e3600000 - 0x00007ff8e369e000 	C:\WINDOWS\System32\msvcp_win.dll
0x00007ff8e3450000 - 0x00007ff8e354a000 	C:\WINDOWS\System32\ucrtbase.dll
0x00007ff8d8200000 - 0x00007ff8d8484000 	C:\WINDOWS\WinSxS\amd64_microsoft.windows.common-controls_6595b64144ccf1df_6.0.18362.1256_none_9e7e379be45e40e2\COMCTL32.dll
0x00007ff8e4ea0000 - 0x00007ff8e51d6000 	C:\WINDOWS\System32\combase.dll
0x00007ff8e40e0000 - 0x00007ff8e4161000 	C:\WINDOWS\System32\bcryptPrimitives.dll
0x00007ff8e5a30000 - 0x00007ff8e5a5e000 	C:\WINDOWS\System32\IMM32.DLL
0x000000006b130000 - 0x000000006b202000 	C:\Program Files\Java\jre1.8.0_241\bin\msvcr100.dll
0x000000006a430000 - 0x000000006acdc000 	C:\Program Files\Java\jre1.8.0_241\bin\server\jvm.dll
0x00007ff8e53d0000 - 0x00007ff8e53d8000 	C:\WINDOWS\System32\PSAPI.DLL
0x00007ff8d5740000 - 0x00007ff8d5749000 	C:\WINDOWS\SYSTEM32\WSOCK32.dll
0x00007ff8e5a90000 - 0x00007ff8e5aff000 	C:\WINDOWS\System32\WS2_32.dll
0x00007ff8d9e60000 - 0x00007ff8d9e84000 	C:\WINDOWS\SYSTEM32\WINMM.dll
0x00007ff8d8520000 - 0x00007ff8d852a000 	C:\WINDOWS\SYSTEM32\VERSION.dll
0x00007ff8d9c20000 - 0x00007ff8d9c4d000 	C:\WINDOWS\SYSTEM32\WINMMBASE.dll
0x00007ff8e3550000 - 0x00007ff8e359a000 	C:\WINDOWS\System32\cfgmgr32.dll
0x00007ff8c9920000 - 0x00007ff8c992f000 	C:\Program Files\Java\jre1.8.0_241\bin\verify.dll
0x00007ff8c0ed0000 - 0x00007ff8c0ef9000 	C:\Program Files\Java\jre1.8.0_241\bin\java.dll
0x00007ff8c47c0000 - 0x00007ff8c47f5000 	C:\Program Files\Java\jre1.8.0_241\bin\jdwp.dll
0x00007ff8dd5e0000 - 0x00007ff8dd5e8000 	C:\Program Files\Java\jre1.8.0_241\bin\npt.dll
0x00007ff8c0e30000 - 0x00007ff8c0e53000 	C:\Program Files\Java\jre1.8.0_241\bin\instrument.dll
0x00007ff8c4760000 - 0x00007ff8c4776000 	C:\Program Files\Java\jre1.8.0_241\bin\zip.dll
0x00007ff8e4620000 - 0x00007ff8e4d07000 	C:\WINDOWS\System32\SHELL32.dll
0x00007ff8e4570000 - 0x00007ff8e4619000 	C:\WINDOWS\System32\shcore.dll
0x00007ff8e3950000 - 0x00007ff8e40d1000 	C:\WINDOWS\System32\windows.storage.dll
0x00007ff8e33b0000 - 0x00007ff8e33d3000 	C:\WINDOWS\System32\profapi.dll
0x00007ff8e33e0000 - 0x00007ff8e342a000 	C:\WINDOWS\System32\powrprof.dll
0x00007ff8e3360000 - 0x00007ff8e3370000 	C:\WINDOWS\System32\UMPDC.dll
0x00007ff8e5370000 - 0x00007ff8e53c2000 	C:\WINDOWS\System32\shlwapi.dll
0x00007ff8e3370000 - 0x00007ff8e3381000 	C:\WINDOWS\System32\kernel.appcore.dll
0x00007ff8e3430000 - 0x00007ff8e3447000 	C:\WINDOWS\System32\cryptsp.dll
0x00007ff8d9b50000 - 0x00007ff8d9b59000 	C:\Program Files\Java\jre1.8.0_241\bin\dt_socket.dll
0x00007ff8c9b70000 - 0x00007ff8c9b86000 	C:\WINDOWS\system32\napinsp.dll
0x00007ff8c9b50000 - 0x00007ff8c9b6a000 	C:\WINDOWS\system32\pnrpnsp.dll
0x00007ff8e2bb0000 - 0x00007ff8e2c17000 	C:\WINDOWS\System32\mswsock.dll
0x00007ff8e2900000 - 0x00007ff8e29cb000 	C:\WINDOWS\SYSTEM32\DNSAPI.dll
0x00007ff8e6470000 - 0x00007ff8e6478000 	C:\WINDOWS\System32\NSI.dll
0x00007ff8e28c0000 - 0x00007ff8e28fa000 	C:\WINDOWS\SYSTEM32\IPHLPAPI.DLL
0x00007ff8c9b40000 - 0x00007ff8c9b4e000 	C:\WINDOWS\System32\winrnr.dll
0x00007ff8dd520000 - 0x00007ff8dd53c000 	C:\WINDOWS\system32\NLAapi.dll
0x00007ff8dec80000 - 0x00007ff8dec95000 	C:\WINDOWS\system32\wshbth.dll
0x00007ff8db670000 - 0x00007ff8db6e7000 	C:\WINDOWS\System32\fwpuclnt.dll
0x00007ff8e4490000 - 0x00007ff8e44b6000 	C:\WINDOWS\System32\bcrypt.dll
0x00007ff8dc420000 - 0x00007ff8dc42a000 	C:\Windows\System32\rasadhlp.dll
0x00007ff8d96e0000 - 0x00007ff8d96ed000 	C:\Program Files\Java\jre1.8.0_241\bin\management.dll
0x00007ff8c00c0000 - 0x00007ff8c00da000 	C:\Program Files\Java\jre1.8.0_241\bin\net.dll
0x00007ff8c0090000 - 0x00007ff8c00a2000 	C:\Program Files\Java\jre1.8.0_241\bin\nio.dll
0x00007ff8e2720000 - 0x00007ff8e2753000 	C:\WINDOWS\system32\rsaenh.dll
0x00007ff8e3280000 - 0x00007ff8e32a5000 	C:\WINDOWS\SYSTEM32\USERENV.dll
0x00007ff8e2d80000 - 0x00007ff8e2d8c000 	C:\WINDOWS\SYSTEM32\CRYPTBASE.dll
0x00007ff8dc030000 - 0x00007ff8dc046000 	C:\WINDOWS\SYSTEM32\dhcpcsvc6.DLL
0x00007ff8dc4e0000 - 0x00007ff8dc4fc000 	C:\WINDOWS\SYSTEM32\dhcpcsvc.DLL

VM Arguments:
jvm_args: -agentlib:jdwp=transport=dt_socket,suspend=y,address=localhost:63378 -javaagent:C:\Users\Tamil\Desktop\Softwares\eclipse-jee-2020-06-R-win32-x86_64\eclipse\configuration\org.eclipse.osgi\413\0\.cp\lib\javaagent-shaded.jar -Dfile.encoding=UTF-8 
java_command: com.example.demo.demoApplication
java_class_path (initial): C:\Users\Tamil\Desktop\Automation\demo-react\demo-react\target\classes;C:\Users\Tamil\.m2\repository\org\springframework\boot\spring-boot-starter-web\2.3.1.RELEASE\spring-boot-starter-web-2.3.1.RELEASE.jar;C:\Users\Tamil\.m2\repository\org\springframework\boot\spring-boot-starter\2.3.1.RELEASE\spring-boot-starter-2.3.1.RELEASE.jar;C:\Users\Tamil\.m2\repository\org\springframework\boot\spring-boot\2.3.1.RELEASE\spring-boot-2.3.1.RELEASE.jar;C:\Users\Tamil\.m2\repository\org\springframework\boot\spring-boot-autoconfigure\2.3.1.RELEASE\spring-boot-autoconfigure-2.3.1.RELEASE.jar;C:\Users\Tamil\.m2\repository\org\springframework\boot\spring-boot-starter-logging\2.3.1.RELEASE\spring-boot-starter-logging-2.3.1.RELEASE.jar;C:\Users\Tamil\.m2\repository\ch\qos\logback\logback-classic\1.2.3\logback-classic-1.2.3.jar;C:\Users\Tamil\.m2\repository\ch\qos\logback\logback-core\1.2.3\logback-core-1.2.3.jar;C:\Users\Tamil\.m2\repository\org\apache\logging\log4j\log4j-to-slf4j\2.13.3\log4j-to-slf4j-2.13.3.jar;C:\Users\Tamil\.m2\repository\org\apache\logging\log4j\log4j-api\2.13.3\log4j-api-2.13.3.jar;C:\Users\Tamil\.m2\repository\org\slf4j\jul-to-slf4j\1.7.30\jul-to-slf4j-1.7.30.jar;C:\Users\Tamil\.m2\repository\jakarta\annotation\jakarta.annotation-api\1.3.5\jakarta.annotation-api-1.3.5.jar;C:\Users\Tamil\.m2\repository\org\springframework\boot\spring-boot-starter-json\2.3.1.RELEASE\spring-boot-starter-json-2.3.1.RELEASE.jar;C:\Users\Tamil\.m2\repository\com\fasterxml\jackson\datatype\jackson-datatype-jdk8\2.11.0\jackson-datatype-jdk8-2.11.0.jar;C:\Users\Tamil\.m2\repository\com\fasterxml\jackson\datatype\jackson-datatype-jsr310\2.11.0\jackson-datatype-jsr310-2.11.0.jar;C:\Users\Tamil\.m2\repository\com\fasterxml\jackson\module\jackson-module-parameter-names\2.11.0\jackson-module-parameter-names-2.11.0.jar;C:\Users\Tamil\.m2\repository\org\springframework\boot\spring-boot-starter-tomcat\2.3.1.RELEASE\spring-boot-starter-tomcat-2.3.1.RELEASE.jar;C:\User
Launcher Type: SUN_STANDARD

Environment Variables:
JAVA_HOME=C:\Program Files\Java\jdk1.8.0_111
PATH=C:/Program Files/Java/jre1.8.0_241/bin/server;C:/Program Files/Java/jre1.8.0_241/bin;C:/Program Files/Java/jre1.8.0_241/lib/amd64;C:\Program Files (x86)\Common Files\Oracle\Java\javapath;C:\ProgramData\Oracle\Java\javapath;C:\WINDOWS\system32;C:\WINDOWS;C:\WINDOWS\System32\Wbem;C:\WINDOWS\System32\WindowsPowerShell\v1.0\;C:\Program Files\Java\jdk1.8.0_111\bin;C:\Program Files (x86)\Groovy\Groovy-2.4.7\bin;C:\Program Files\Git\cmd;C:\WINDOWS\System32\OpenSSH\;C:\Program Files\nodejs\;C:\Users\Tamil\AppData\Local\Microsoft\WindowsApps;C:\Users\Tamil\AppData\Roaming\npm;C:\Users\Tamil\AppData\Local\Programs\Microsoft VS Code\bin;C:\Users\Tamil\Desktop\Softwares\eclipse-jee-2020-06-R-win32-x86_64\eclipse;
USERNAME=Tamil
OS=Windows_NT
PROCESSOR_IDENTIFIER=Intel64 Family 6 Model 142 Stepping 9, GenuineIntel



---------------  S Y S T E M  ---------------

OS: Windows 10.0 , 64 bit Build 18362 (10.0.18362.1110)

CPU:total 4 (initial active 4) (2 cores per cpu, 2 threads per core) family 6 model 142 stepping 9, cmov, cx8, fxsr, mmx, sse, sse2, sse3, ssse3, sse4.1, sse4.2, popcnt, avx, avx2, aes, clmul, erms, 3dnowpref, lzcnt, ht, tsc, tscinvbit, bmi1, bmi2, adx

Memory: 4k page, physical 8227852k(1221552k free), swap 16849160k(2633032k free)

vm_info: Java HotSpot(TM) 64-Bit Server VM (25.241-b07) for windows-amd64 JRE (1.8.0_241-b07), built on Dec 11 2019 10:21:40 by "rejava" with MS VC++ 10.0 (VS2010)

time: Wed Dec 23 22:01:35 2020
timezone: Central Standard Time
elapsed time: 64 seconds (0d 0h 1m 4s)

